This file contains any messages produced by compilers while
running configure, to aid debugging if configure makes a mistake.

It was created by efax-gtk configure 3.0.17, which was
generated by GNU Autoconf 2.61.  Invocation command line was

  $ ./configure 

## --------- ##
## Platform. ##
## --------- ##

hostname = secfax-desktop
uname -m = i686
uname -r = 2.6.31-14-generic
uname -s = Linux
uname -v = #48-Ubuntu SMP Fri Oct 16 14:04:26 UTC 2009

/usr/bin/uname -p = unknown
/bin/uname -X     = unknown

/bin/arch              = unknown
/usr/bin/arch -k       = unknown
/usr/convex/getsysinfo = unknown
/usr/bin/hostinfo      = unknown
/bin/machine           = unknown
/usr/bin/oslevel       = unknown
/bin/universe          = unknown

PATH: /usr/local/sbin
PATH: /usr/local/bin
PATH: /usr/sbin
PATH: /usr/bin
PATH: /sbin
PATH: /bin
PATH: /usr/games


## ----------- ##
## Core tests. ##
## ----------- ##

configure:1838: checking for a BSD-compatible install
configure:1894: result: /usr/bin/install -c
configure:1905: checking whether build environment is sane
configure:1948: result: yes
configure:2013: checking for gawk
configure:2043: result: no
configure:2013: checking for mawk
configure:2029: found /usr/bin/mawk
configure:2040: result: mawk
configure:2051: checking whether make sets $(MAKE)
configure:2072: result: yes
configure:2272: checking for style of include used by make
configure:2300: result: GNU
configure:2389: checking for gcc
configure:2405: found /usr/bin/gcc
configure:2416: result: gcc
configure:2654: checking for C compiler version
configure:2661: gcc --version >&5
gcc (Ubuntu 4.4.1-4ubuntu9) 4.4.1
Copyright (C) 2009 Free Software Foundation, Inc.
This is free software; see the source for copying conditions.  There is NO
warranty; not even for MERCHANTABILITY or FITNESS FOR A PARTICULAR PURPOSE.

configure:2664: $? = 0
configure:2671: gcc -v >&5
Using built-in specs.
Target: i486-linux-gnu
Configured with: ../src/configure -v --with-pkgversion='Ubuntu 4.4.1-4ubuntu9' --with-bugurl=file:///usr/share/doc/gcc-4.4/README.Bugs --enable-languages=c,c++,fortran,objc,obj-c++ --prefix=/usr --enable-shared --enable-multiarch --enable-linker-build-id --with-system-zlib --libexecdir=/usr/lib --without-included-gettext --enable-threads=posix --with-gxx-include-dir=/usr/include/c++/4.4 --program-suffix=-4.4 --enable-nls --enable-clocale=gnu --enable-libstdcxx-debug --enable-objc-gc --enable-targets=all --disable-werror --with-arch-32=i486 --with-tune=generic --enable-checking=release --build=i486-linux-gnu --host=i486-linux-gnu --target=i486-linux-gnu
Thread model: posix
gcc version 4.4.1 (Ubuntu 4.4.1-4ubuntu9) 
configure:2674: $? = 0
configure:2681: gcc -V >&5
gcc: '-V' option must have argument
configure:2684: $? = 1
configure:2707: checking for C compiler default output file name
configure:2734: gcc    conftest.c  >&5
configure:2737: $? = 0
configure:2775: result: a.out
configure:2792: checking whether the C compiler works
configure:2802: ./a.out
configure:2805: $? = 0
configure:2822: result: yes
configure:2829: checking whether we are cross compiling
configure:2831: result: no
configure:2834: checking for suffix of executables
configure:2841: gcc -o conftest    conftest.c  >&5
configure:2844: $? = 0
configure:2868: result: 
configure:2874: checking for suffix of object files
configure:2900: gcc -c   conftest.c >&5
configure:2903: $? = 0
configure:2926: result: o
configure:2930: checking whether we are using the GNU C compiler
configure:2959: gcc -c   conftest.c >&5
configure:2965: $? = 0
configure:2982: result: yes
configure:2987: checking whether gcc accepts -g
configure:3017: gcc -c -g  conftest.c >&5
configure:3023: $? = 0
configure:3122: result: yes
configure:3139: checking for gcc option to accept ISO C89
configure:3213: gcc  -c -g -O2  conftest.c >&5
configure:3219: $? = 0
configure:3242: result: none needed
configure:3262: checking dependency style of gcc
configure:3352: result: gcc3
configure:3374: checking how to run the C preprocessor
configure:3414: gcc -E  conftest.c
configure:3420: $? = 0
configure:3451: gcc -E  conftest.c
conftest.c:10:28: error: ac_nonexistent.h: No such file or directory
configure:3457: $? = 1
configure: failed program was:
| /* confdefs.h.  */
| #define PACKAGE_NAME "efax-gtk"
| #define PACKAGE_TARNAME "efax-gtk"
| #define PACKAGE_VERSION "3.0.17"
| #define PACKAGE_STRING "efax-gtk 3.0.17"
| #define PACKAGE_BUGREPORT ""
| #define PACKAGE "efax-gtk"
| #define VERSION "3.0.17"
| /* end confdefs.h.  */
| #include <ac_nonexistent.h>
configure:3490: result: gcc -E
configure:3519: gcc -E  conftest.c
configure:3525: $? = 0
configure:3556: gcc -E  conftest.c
conftest.c:10:28: error: ac_nonexistent.h: No such file or directory
configure:3562: $? = 1
configure: failed program was:
| /* confdefs.h.  */
| #define PACKAGE_NAME "efax-gtk"
| #define PACKAGE_TARNAME "efax-gtk"
| #define PACKAGE_VERSION "3.0.17"
| #define PACKAGE_STRING "efax-gtk 3.0.17"
| #define PACKAGE_BUGREPORT ""
| #define PACKAGE "efax-gtk"
| #define VERSION "3.0.17"
| /* end confdefs.h.  */
| #include <ac_nonexistent.h>
configure:3681: checking whether gcc supports -pthread
configure:3707: result: no
configure:3778: checking for g++
configure:3794: found /usr/bin/g++
configure:3805: result: g++
configure:3836: checking for C++ compiler version
configure:3843: g++ --version >&5
g++ (Ubuntu 4.4.1-4ubuntu9) 4.4.1
Copyright (C) 2009 Free Software Foundation, Inc.
This is free software; see the source for copying conditions.  There is NO
warranty; not even for MERCHANTABILITY or FITNESS FOR A PARTICULAR PURPOSE.

configure:3846: $? = 0
configure:3853: g++ -v >&5
Using built-in specs.
Target: i486-linux-gnu
Configured with: ../src/configure -v --with-pkgversion='Ubuntu 4.4.1-4ubuntu9' --with-bugurl=file:///usr/share/doc/gcc-4.4/README.Bugs --enable-languages=c,c++,fortran,objc,obj-c++ --prefix=/usr --enable-shared --enable-multiarch --enable-linker-build-id --with-system-zlib --libexecdir=/usr/lib --without-included-gettext --enable-threads=posix --with-gxx-include-dir=/usr/include/c++/4.4 --program-suffix=-4.4 --enable-nls --enable-clocale=gnu --enable-libstdcxx-debug --enable-objc-gc --enable-targets=all --disable-werror --with-arch-32=i486 --with-tune=generic --enable-checking=release --build=i486-linux-gnu --host=i486-linux-gnu --target=i486-linux-gnu
Thread model: posix
gcc version 4.4.1 (Ubuntu 4.4.1-4ubuntu9) 
configure:3856: $? = 0
configure:3863: g++ -V >&5
g++: '-V' option must have argument
configure:3866: $? = 1
configure:3869: checking whether we are using the GNU C++ compiler
configure:3898: g++ -c   conftest.cpp >&5
configure:3904: $? = 0
configure:3921: result: yes
configure:3926: checking whether g++ accepts -g
configure:3956: g++ -c -g  conftest.cpp >&5
configure:3962: $? = 0
configure:4061: result: yes
configure:4086: checking dependency style of g++
configure:4176: result: gcc3
configure:4198: checking how to run the C++ preprocessor
configure:4234: g++ -E  conftest.cpp
configure:4240: $? = 0
configure:4271: g++ -E  conftest.cpp
conftest.cpp:10:28: error: ac_nonexistent.h: No such file or directory
configure:4277: $? = 1
configure: failed program was:
| /* confdefs.h.  */
| #define PACKAGE_NAME "efax-gtk"
| #define PACKAGE_TARNAME "efax-gtk"
| #define PACKAGE_VERSION "3.0.17"
| #define PACKAGE_STRING "efax-gtk 3.0.17"
| #define PACKAGE_BUGREPORT ""
| #define PACKAGE "efax-gtk"
| #define VERSION "3.0.17"
| /* end confdefs.h.  */
| #include <ac_nonexistent.h>
configure:4310: result: g++ -E
configure:4339: g++ -E  conftest.cpp
configure:4345: $? = 0
configure:4376: g++ -E  conftest.cpp
conftest.cpp:10:28: error: ac_nonexistent.h: No such file or directory
configure:4382: $? = 1
configure: failed program was:
| /* confdefs.h.  */
| #define PACKAGE_NAME "efax-gtk"
| #define PACKAGE_TARNAME "efax-gtk"
| #define PACKAGE_VERSION "3.0.17"
| #define PACKAGE_STRING "efax-gtk 3.0.17"
| #define PACKAGE_BUGREPORT ""
| #define PACKAGE "efax-gtk"
| #define VERSION "3.0.17"
| /* end confdefs.h.  */
| #include <ac_nonexistent.h>
configure:4505: checking whether g++ supports -fexceptions
configure:4524: result: yes
configure:4539: checking whether g++ supports -frtti
configure:4558: result: yes
configure:4573: checking whether g++ supports -fsigned-char
configure:4592: result: yes
configure:4607: checking whether g++ supports -fno-check-new
configure:4626: result: yes
configure:4641: checking whether g++ supports -pthread
configure:4660: result: yes
configure:4692: checking for a BSD-compatible install
configure:4748: result: /usr/bin/install -c
configure:4766: checking for pkg-config
configure:4784: found /usr/bin/pkg-config
configure:4797: result: /usr/bin/pkg-config
configure:4815: checking for glib-2.0 >= 2.0.0
configure:4819: result: yes
configure:4823: checking GLIB_CFLAGS
configure:4826: result: -I/usr/include/glib-2.0 -I/usr/lib/glib-2.0/include  
configure:4829: checking GLIB_LIBS
configure:4832: result: -lglib-2.0  
configure:4912: checking for gtk+-2.0 >= 2.0.0
configure:4916: result: yes
configure:4920: checking GTK_CFLAGS
configure:4923: result: -D_REENTRANT -I/usr/include/gtk-2.0 -I/usr/lib/gtk-2.0/include -I/usr/include/atk-1.0 -I/usr/include/cairo -I/usr/include/pango-1.0 -I/usr/include/pixman-1 -I/usr/include/freetype2 -I/usr/include/directfb -I/usr/include/libpng12 -I/usr/include/glib-2.0 -I/usr/lib/glib-2.0/include  
configure:4926: checking GTK_LIBS
configure:4929: result: -lgtk-x11-2.0 -lgdk-x11-2.0 -latk-1.0 -lpangoft2-1.0 -lgdk_pixbuf-2.0 -lm -lpangocairo-1.0 -lgio-2.0 -lcairo -lpango-1.0 -lfreetype -lfontconfig -lgobject-2.0 -lgmodule-2.0 -lglib-2.0  
configure:5009: checking for gthread-2.0 >= 2.0.0
configure:5013: result: yes
configure:5017: checking GTHREAD_CFLAGS
configure:5020: result: -pthread -I/usr/include/glib-2.0 -I/usr/lib/glib-2.0/include  
configure:5023: checking GTHREAD_LIBS
configure:5026: result: -pthread -lgthread-2.0 -lrt -lglib-2.0  
configure:5108: checking for gtk+-unix-print-2.0 >= 2.10.0
configure:5112: result: yes
configure:5116: checking GTK_UNIX_PRINT_CFLAGS
configure:5119: result: -D_REENTRANT -I/usr/include/gtk-unix-print-2.0 -I/usr/include/gtk-2.0 -I/usr/include/atk-1.0 -I/usr/include/cairo -I/usr/include/pango-1.0 -I/usr/lib/gtk-2.0/include -I/usr/include/pixman-1 -I/usr/include/freetype2 -I/usr/include/directfb -I/usr/include/libpng12 -I/usr/include/glib-2.0 -I/usr/lib/glib-2.0/include  
configure:5122: checking GTK_UNIX_PRINT_LIBS
configure:5125: result: -lgtk-x11-2.0 -lgdk-x11-2.0 -latk-1.0 -lpangoft2-1.0 -lgdk_pixbuf-2.0 -lm -lpangocairo-1.0 -lgio-2.0 -lcairo -lpango-1.0 -lfreetype -lfontconfig -lgobject-2.0 -lgmodule-2.0 -lglib-2.0  
configure:5212: checking for sigc++-2.0 >= 2.0.0
configure:5216: result: yes
configure:5220: checking SIGC_CFLAGS
configure:5223: result: -I/usr/include/sigc++-2.0 -I/usr/lib/sigc++-2.0/include  
configure:5226: checking SIGC_LIBS
configure:5229: result: -lsigc-2.0  
configure:5357: checking for grep that handles long lines and -e
configure:5431: result: /bin/grep
configure:5436: checking for egrep
configure:5514: result: /bin/grep -E
configure:5519: checking for ANSI C header files
configure:5549: gcc -c -O2  -Wall  conftest.c >&5
configure:5555: $? = 0
configure:5654: gcc -o conftest -O2  -Wall  -s conftest.c  >&5
configure:5657: $? = 0
configure:5663: ./conftest
configure:5666: $? = 0
configure:5683: result: yes
configure:5707: checking for sys/types.h
configure:5728: gcc -c -O2  -Wall  conftest.c >&5
configure:5734: $? = 0
configure:5750: result: yes
configure:5707: checking for sys/stat.h
configure:5728: gcc -c -O2  -Wall  conftest.c >&5
configure:5734: $? = 0
configure:5750: result: yes
configure:5707: checking for stdlib.h
configure:5728: gcc -c -O2  -Wall  conftest.c >&5
configure:5734: $? = 0
configure:5750: result: yes
configure:5707: checking for string.h
configure:5728: gcc -c -O2  -Wall  conftest.c >&5
configure:5734: $? = 0
configure:5750: result: yes
configure:5707: checking for memory.h
configure:5728: gcc -c -O2  -Wall  conftest.c >&5
configure:5734: $? = 0
configure:5750: result: yes
configure:5707: checking for strings.h
configure:5728: gcc -c -O2  -Wall  conftest.c >&5
configure:5734: $? = 0
configure:5750: result: yes
configure:5707: checking for inttypes.h
configure:5728: gcc -c -O2  -Wall  conftest.c >&5
configure:5734: $? = 0
configure:5750: result: yes
configure:5707: checking for stdint.h
configure:5728: gcc -c -O2  -Wall  conftest.c >&5
configure:5734: $? = 0
configure:5750: result: yes
configure:5707: checking for unistd.h
configure:5728: gcc -c -O2  -Wall  conftest.c >&5
configure:5734: $? = 0
configure:5750: result: yes
configure:5777: checking pthread.h usability
configure:5794: gcc -c -O2  -Wall  conftest.c >&5
configure:5800: $? = 0
configure:5814: result: yes
configure:5818: checking pthread.h presence
configure:5833: gcc -E  conftest.c
configure:5839: $? = 0
configure:5853: result: yes
configure:5881: checking for pthread.h
configure:5889: result: yes
configure:5986: checking X11/Xlib.h usability
configure:6003: gcc -c -O2  -Wall -D_REENTRANT -I/usr/include/gtk-2.0 -I/usr/lib/gtk-2.0/include -I/usr/include/cairo -I/usr/include/pango-1.0 -I/usr/include/pixman-1 -I/usr/include/freetype2 -I/usr/include/directfb -I/usr/include/libpng12 -I/usr/include/glib-2.0 -I/usr/lib/glib-2.0/include    conftest.c >&5
configure:6009: $? = 0
configure:6023: result: yes
configure:6027: checking X11/Xlib.h presence
configure:6042: gcc -E  conftest.c
configure:6048: $? = 0
configure:6062: result: yes
configure:6090: checking for X11/Xlib.h
configure:6098: result: yes
configure:6121: checking for size_t
configure:6151: g++ -c -O2  -fexceptions -frtti -fsigned-char -fno-check-new -pthread -Wall  conftest.cpp >&5
configure:6157: $? = 0
configure:6172: result: yes
configure:6184: checking for ssize_t
configure:6214: g++ -c -O2  -fexceptions -frtti -fsigned-char -fno-check-new -pthread -Wall  conftest.cpp >&5
configure:6220: $? = 0
configure:6235: result: yes
configure:6247: checking for socklen_t
configure:6283: g++ -c -O2  -fexceptions -frtti -fsigned-char -fno-check-new -pthread -Wall  conftest.cpp >&5
configure:6289: $? = 0
configure:6304: result: yes
configure:6317: checking for in_addr_t
configure:6353: g++ -c -O2  -fexceptions -frtti -fsigned-char -fno-check-new -pthread -Wall  conftest.cpp >&5
configure:6359: $? = 0
configure:6374: result: yes
configure:6388: checking whether NLS is requested
configure:6397: result: yes
configure:6435: checking for msgfmt
configure: trying /usr/bin/msgfmt...
0 translated messages.
configure:6467: result: /usr/bin/msgfmt
configure:6476: checking for gmsgfmt
configure:6507: result: /usr/bin/msgfmt
configure:6558: checking for xgettext
configure: trying /usr/bin/xgettext...
/usr/bin/xgettext: warning: file `/dev/null' extension `' is unknown; will try C
configure:6590: result: /usr/bin/xgettext
configure:6636: checking for msgmerge
configure: trying /usr/bin/msgmerge...
configure:6667: result: /usr/bin/msgmerge
configure:6703: checking build system type
configure:6721: result: i686-pc-linux-gnu
configure:6743: checking host system type
configure:6758: result: i686-pc-linux-gnu
configure:6804: checking for ld used by GCC
configure:6868: result: /usr/bin/ld
configure:6877: checking if the linker (/usr/bin/ld) is GNU ld
configure:6890: result: yes
configure:6897: checking for shared library run path origin
configure:6910: result: done
configure:7367: checking for CFPreferencesCopyAppValue
configure:7395: g++ -o conftest -O2  -fexceptions -frtti -fsigned-char -fno-check-new -pthread -Wall  -s conftest.cpp  -Wl,-framework -Wl,CoreFoundation >&5
conftest.cpp:25:42: error: CoreFoundation/CFPreferences.h: No such file or directory
conftest.cpp: In function 'int main()':
conftest.cpp:29: error: 'NULL' was not declared in this scope
conftest.cpp:29: error: 'CFPreferencesCopyAppValue' was not declared in this scope
configure:7401: $? = 1
configure: failed program was:
| /* confdefs.h.  */
| #define PACKAGE_NAME "efax-gtk"
| #define PACKAGE_TARNAME "efax-gtk"
| #define PACKAGE_VERSION "3.0.17"
| #define PACKAGE_STRING "efax-gtk 3.0.17"
| #define PACKAGE_BUGREPORT ""
| #define PACKAGE "efax-gtk"
| #define VERSION "3.0.17"
| #define STDC_HEADERS 1
| #define HAVE_SYS_TYPES_H 1
| #define HAVE_SYS_STAT_H 1
| #define HAVE_STDLIB_H 1
| #define HAVE_STRING_H 1
| #define HAVE_MEMORY_H 1
| #define HAVE_STRINGS_H 1
| #define HAVE_INTTYPES_H 1
| #define HAVE_STDINT_H 1
| #define HAVE_UNISTD_H 1
| #define HAVE_PTHREAD_H 1
| #define HAVE_X11_XLIB_H 1
| #define HAVE_SSIZE_T 1
| #define HAVE_SOCKLEN_T 1
| #define HAVE_IN_ADDR_T 1
| /* end confdefs.h.  */
| #include <CoreFoundation/CFPreferences.h>
| int
| main ()
| {
| CFPreferencesCopyAppValue(NULL, NULL)
|   ;
|   return 0;
| }
configure:7419: result: no
configure:7428: checking for CFLocaleCopyCurrent
configure:7456: g++ -o conftest -O2  -fexceptions -frtti -fsigned-char -fno-check-new -pthread -Wall  -s conftest.cpp  -Wl,-framework -Wl,CoreFoundation >&5
conftest.cpp:25:37: error: CoreFoundation/CFLocale.h: No such file or directory
conftest.cpp: In function 'int main()':
conftest.cpp:29: error: 'CFLocaleCopyCurrent' was not declared in this scope
configure:7462: $? = 1
configure: failed program was:
| /* confdefs.h.  */
| #define PACKAGE_NAME "efax-gtk"
| #define PACKAGE_TARNAME "efax-gtk"
| #define PACKAGE_VERSION "3.0.17"
| #define PACKAGE_STRING "efax-gtk 3.0.17"
| #define PACKAGE_BUGREPORT ""
| #define PACKAGE "efax-gtk"
| #define VERSION "3.0.17"
| #define STDC_HEADERS 1
| #define HAVE_SYS_TYPES_H 1
| #define HAVE_SYS_STAT_H 1
| #define HAVE_STDLIB_H 1
| #define HAVE_STRING_H 1
| #define HAVE_MEMORY_H 1
| #define HAVE_STRINGS_H 1
| #define HAVE_INTTYPES_H 1
| #define HAVE_STDINT_H 1
| #define HAVE_UNISTD_H 1
| #define HAVE_PTHREAD_H 1
| #define HAVE_X11_XLIB_H 1
| #define HAVE_SSIZE_T 1
| #define HAVE_SOCKLEN_T 1
| #define HAVE_IN_ADDR_T 1
| /* end confdefs.h.  */
| #include <CoreFoundation/CFLocale.h>
| int
| main ()
| {
| CFLocaleCopyCurrent();
|   ;
|   return 0;
| }
configure:7480: result: no
configure:7531: checking for GNU gettext in libc
configure:7561: g++ -o conftest -O2  -fexceptions -frtti -fsigned-char -fno-check-new -pthread -Wall  -s conftest.cpp  >&5
configure:7567: $? = 0
configure:7585: result: yes
configure:8301: checking whether to use NLS
configure:8303: result: yes
configure:8306: checking where the gettext function comes from
configure:8317: result: libc
configure:8396: checking for mkstemp
configure:8452: gcc -o conftest    conftest.c  >&5
configure:8458: $? = 0
configure:8476: result: yes
configure:8495: checking for fstream ios::nocreate flag
configure:8534: g++ -c -O2  -fexceptions -frtti -fsigned-char -fno-check-new -pthread -Wall  conftest.cpp >&5
conftest.cpp: In function 'int main()':
conftest.cpp:37: error: 'nocreate' is not a member of 'std::ios'
configure:8540: $? = 1
configure: failed program was:
| 
|       /* confdefs.h.  */
| #define PACKAGE_NAME "efax-gtk"
| #define PACKAGE_TARNAME "efax-gtk"
| #define PACKAGE_VERSION "3.0.17"
| #define PACKAGE_STRING "efax-gtk 3.0.17"
| #define PACKAGE_BUGREPORT ""
| #define PACKAGE "efax-gtk"
| #define VERSION "3.0.17"
| #define STDC_HEADERS 1
| #define HAVE_SYS_TYPES_H 1
| #define HAVE_SYS_STAT_H 1
| #define HAVE_STDLIB_H 1
| #define HAVE_STRING_H 1
| #define HAVE_MEMORY_H 1
| #define HAVE_STRINGS_H 1
| #define HAVE_INTTYPES_H 1
| #define HAVE_STDINT_H 1
| #define HAVE_UNISTD_H 1
| #define HAVE_PTHREAD_H 1
| #define HAVE_X11_XLIB_H 1
| #define HAVE_SSIZE_T 1
| #define HAVE_SOCKLEN_T 1
| #define HAVE_IN_ADDR_T 1
| #define ENABLE_NLS 1
| #define HAVE_GETTEXT 1
| #define HAVE_DCGETTEXT 1
| #define HAVE_MKSTEMP 1
| /* end confdefs.h.  */
| 
| #include <fstream>
| 
| int
| main ()
| {
| 
|         std::fstream strm("dummy.txt", std::ios::in | std::ios::nocreate);
| 
|   ;
|   return 0;
| }
| 
configure:8557: result: no
configure:8568: checking for fstream attach
configure:8608: g++ -c -O2  -fexceptions -frtti -fsigned-char -fno-check-new -pthread -Wall  conftest.cpp >&5
conftest.cpp: In function 'int main()':
conftest.cpp:38: error: 'struct std::fstream' has no member named 'attach'
configure:8614: $? = 1
configure: failed program was:
| 
|       /* confdefs.h.  */
| #define PACKAGE_NAME "efax-gtk"
| #define PACKAGE_TARNAME "efax-gtk"
| #define PACKAGE_VERSION "3.0.17"
| #define PACKAGE_STRING "efax-gtk 3.0.17"
| #define PACKAGE_BUGREPORT ""
| #define PACKAGE "efax-gtk"
| #define VERSION "3.0.17"
| #define STDC_HEADERS 1
| #define HAVE_SYS_TYPES_H 1
| #define HAVE_SYS_STAT_H 1
| #define HAVE_STDLIB_H 1
| #define HAVE_STRING_H 1
| #define HAVE_MEMORY_H 1
| #define HAVE_STRINGS_H 1
| #define HAVE_INTTYPES_H 1
| #define HAVE_STDINT_H 1
| #define HAVE_UNISTD_H 1
| #define HAVE_PTHREAD_H 1
| #define HAVE_X11_XLIB_H 1
| #define HAVE_SSIZE_T 1
| #define HAVE_SOCKLEN_T 1
| #define HAVE_IN_ADDR_T 1
| #define ENABLE_NLS 1
| #define HAVE_GETTEXT 1
| #define HAVE_DCGETTEXT 1
| #define HAVE_MKSTEMP 1
| /* end confdefs.h.  */
| 
| #include <fstream>
| 
| int
| main ()
| {
| 
|         std::fstream strm;
|         strm.attach(1);
| 
|   ;
|   return 0;
| }
| 
configure:8631: result: no
configure:8642: checking for std::stringstream
configure:8681: g++ -c -O2  -fexceptions -frtti -fsigned-char -fno-check-new -pthread -Wall  conftest.cpp >&5
configure:8687: $? = 0
configure:8704: result: yes
configure:8715: checking whether streams may have a locale imbued
configure:8755: g++ -c -O2  -fexceptions -frtti -fsigned-char -fno-check-new -pthread -Wall  conftest.cpp >&5
configure:8761: $? = 0
configure:8778: result: yes
configure:8805: checking ostream usability
configure:8822: g++ -c -O2  -fexceptions -frtti -fsigned-char -fno-check-new -pthread -Wall  conftest.cpp >&5
configure:8828: $? = 0
configure:8842: result: yes
configure:8846: checking ostream presence
configure:8861: g++ -E  conftest.cpp
configure:8867: $? = 0
configure:8881: result: yes
configure:8909: checking for ostream
configure:8917: result: yes
configure:8805: checking istream usability
configure:8822: g++ -c -O2  -fexceptions -frtti -fsigned-char -fno-check-new -pthread -Wall  conftest.cpp >&5
configure:8828: $? = 0
configure:8842: result: yes
configure:8846: checking istream presence
configure:8861: g++ -E  conftest.cpp
configure:8867: $? = 0
configure:8881: result: yes
configure:8909: checking for istream
configure:8917: result: yes
configure:8932: checking the fax spool directory
configure:8945: result: SPOOLDIR is /var/spool/fax
configure:8994: checking for ranlib
configure:9010: found /usr/bin/ranlib
configure:9021: result: ranlib
configure:9048: checking whether make sets $(MAKE)
configure:9069: result: yes
configure:9202: creating ./config.status

## ---------------------- ##
## Running config.status. ##
## ---------------------- ##

This file was extended by efax-gtk config.status 3.0.17, which was
generated by GNU Autoconf 2.61.  Invocation command line was

  CONFIG_FILES    = 
  CONFIG_HEADERS  = 
  CONFIG_LINKS    = 
  CONFIG_COMMANDS = 
  $ ./config.status 

on secfax-desktop

config.status:694: creating Makefile
config.status:694: creating src/Makefile
config.status:694: creating efax/Makefile
config.status:694: creating po/Makefile.in
config.status:694: creating efax-gtk-faxfilter/Makefile
config.status:694: creating src/utils/Makefile
config.status:694: creating efax-gtk.spec
config.status:694: creating config.h
config.status:927: config.h is unchanged
config.status:973: executing depfiles commands
config.status:973: executing po-directories commands

## ---------------- ##
## Cache variables. ##
## ---------------- ##

ac_cv_build=i686-pc-linux-gnu
ac_cv_c_compiler_gnu=yes
ac_cv_cxx_compiler_gnu=yes
ac_cv_env_CCC_set=
ac_cv_env_CCC_value=
ac_cv_env_CC_set=
ac_cv_env_CC_value=
ac_cv_env_CFLAGS_set=
ac_cv_env_CFLAGS_value=
ac_cv_env_CPPFLAGS_set=
ac_cv_env_CPPFLAGS_value=
ac_cv_env_CPP_set=
ac_cv_env_CPP_value=
ac_cv_env_CXXCPP_set=
ac_cv_env_CXXCPP_value=
ac_cv_env_CXXFLAGS_set=
ac_cv_env_CXXFLAGS_value=
ac_cv_env_CXX_set=
ac_cv_env_CXX_value=
ac_cv_env_LDFLAGS_set=
ac_cv_env_LDFLAGS_value=
ac_cv_env_LIBS_set=
ac_cv_env_LIBS_value=
ac_cv_env_build_alias_set=
ac_cv_env_build_alias_value=
ac_cv_env_host_alias_set=
ac_cv_env_host_alias_value=
ac_cv_env_target_alias_set=
ac_cv_env_target_alias_value=
ac_cv_func_mkstemp=yes
ac_cv_have_attach=no
ac_cv_have_ios_nocreate=no
ac_cv_have_stream_imbue=yes
ac_cv_have_stringstream=yes
ac_cv_header_X11_Xlib_h=yes
ac_cv_header_inttypes_h=yes
ac_cv_header_istream=yes
ac_cv_header_memory_h=yes
ac_cv_header_ostream=yes
ac_cv_header_pthread_h=yes
ac_cv_header_stdc=yes
ac_cv_header_stdint_h=yes
ac_cv_header_stdlib_h=yes
ac_cv_header_string_h=yes
ac_cv_header_strings_h=yes
ac_cv_header_sys_stat_h=yes
ac_cv_header_sys_types_h=yes
ac_cv_header_unistd_h=yes
ac_cv_host=i686-pc-linux-gnu
ac_cv_objext=o
ac_cv_path_EGREP='/bin/grep -E'
ac_cv_path_GMSGFMT=/usr/bin/msgfmt
ac_cv_path_GREP=/bin/grep
ac_cv_path_MSGFMT=/usr/bin/msgfmt
ac_cv_path_MSGMERGE=/usr/bin/msgmerge
ac_cv_path_PKG_CONFIG=/usr/bin/pkg-config
ac_cv_path_XGETTEXT=/usr/bin/xgettext
ac_cv_path_install='/usr/bin/install -c'
ac_cv_prog_AWK=mawk
ac_cv_prog_CPP='gcc -E'
ac_cv_prog_CXXCPP='g++ -E'
ac_cv_prog_ac_ct_CC=gcc
ac_cv_prog_ac_ct_CXX=g++
ac_cv_prog_ac_ct_RANLIB=ranlib
ac_cv_prog_c_pthread=no
ac_cv_prog_cc_c89=
ac_cv_prog_cc_g=yes
ac_cv_prog_cxx_fexceptions=yes
ac_cv_prog_cxx_fno_check_new=yes
ac_cv_prog_cxx_frtti=yes
ac_cv_prog_cxx_fsigned_char=yes
ac_cv_prog_cxx_g=yes
ac_cv_prog_cxx_pthread=yes
ac_cv_prog_make_make_set=yes
ac_cv_type_in_addr_t=yes
ac_cv_type_size_t=yes
ac_cv_type_socklen_t=yes
ac_cv_type_ssize_t=yes
acl_cv_hardcode_direct=no
acl_cv_hardcode_libdir_flag_spec='${wl}-rpath ${wl}$libdir'
acl_cv_hardcode_libdir_separator=
acl_cv_hardcode_minus_L=no
acl_cv_libext=a
acl_cv_path_LD=/usr/bin/ld
acl_cv_prog_gnu_ld=yes
acl_cv_rpath=done
acl_cv_shlibext=so
acl_cv_wl=-Wl,
am_cv_CC_dependencies_compiler_type=gcc3
am_cv_CXX_dependencies_compiler_type=gcc3
gt_cv_func_CFLocaleCopyCurrent=no
gt_cv_func_CFPreferencesCopyAppValue=no
gt_cv_func_gnugettext1_libc=yes

## ----------------- ##
## Output variables. ##
## ----------------- ##

ACLOCAL='${SHELL} /home/secfax/Desktop/efax-gtk-3.0.17/missing --run aclocal-1.9'
AMDEPBACKSLASH='\'
AMDEP_FALSE='#'
AMDEP_TRUE=''
AMTAR='${SHELL} /home/secfax/Desktop/efax-gtk-3.0.17/missing --run tar'
AUTOCONF='${SHELL} /home/secfax/Desktop/efax-gtk-3.0.17/missing --run autoconf'
AUTOHEADER='${SHELL} /home/secfax/Desktop/efax-gtk-3.0.17/missing --run autoheader'
AUTOMAKE='${SHELL} /home/secfax/Desktop/efax-gtk-3.0.17/missing --run automake-1.9'
AWK='mawk'
CC='gcc'
CCDEPMODE='depmode=gcc3'
CFLAGS='-O2  -Wall'
CPP='gcc -E'
CPPFLAGS=''
CXX='g++'
CXXCPP='g++ -E'
CXXDEPMODE='depmode=gcc3'
CXXFLAGS='-O2  -fexceptions -frtti -fsigned-char -fno-check-new -pthread -Wall'
CYGPATH_W='echo'
DEFS='-DHAVE_CONFIG_H'
DEPDIR='.deps'
ECHO_C=''
ECHO_N='-n'
ECHO_T=''
EGREP='/bin/grep -E'
EXEEXT=''
GLIB_CFLAGS='-I/usr/include/glib-2.0 -I/usr/lib/glib-2.0/include  '
GLIB_LIBS='-lglib-2.0  '
GMSGFMT='/usr/bin/msgfmt'
GMSGFMT_015='/usr/bin/msgfmt'
GREP='/bin/grep'
GTHREAD_CFLAGS='-pthread -I/usr/include/glib-2.0 -I/usr/lib/glib-2.0/include  '
GTHREAD_LIBS='-pthread -lgthread-2.0 -lrt -lglib-2.0  '
GTK_CFLAGS='-D_REENTRANT -I/usr/include/gtk-2.0 -I/usr/lib/gtk-2.0/include -I/usr/include/atk-1.0 -I/usr/include/cairo -I/usr/include/pango-1.0 -I/usr/include/pixman-1 -I/usr/include/freetype2 -I/usr/include/directfb -I/usr/include/libpng12 -I/usr/include/glib-2.0 -I/usr/lib/glib-2.0/include  '
GTK_LIBS='-lgtk-x11-2.0 -lgdk-x11-2.0 -latk-1.0 -lpangoft2-1.0 -lgdk_pixbuf-2.0 -lm -lpangocairo-1.0 -lgio-2.0 -lcairo -lpango-1.0 -lfreetype -lfontconfig -lgobject-2.0 -lgmodule-2.0 -lglib-2.0  '
GTK_UNIX_PRINT_CFLAGS='-D_REENTRANT -I/usr/include/gtk-unix-print-2.0 -I/usr/include/gtk-2.0 -I/usr/include/atk-1.0 -I/usr/include/cairo -I/usr/include/pango-1.0 -I/usr/lib/gtk-2.0/include -I/usr/include/pixman-1 -I/usr/include/freetype2 -I/usr/include/directfb -I/usr/include/libpng12 -I/usr/include/glib-2.0 -I/usr/lib/glib-2.0/include  '
GTK_UNIX_PRINT_LIBS='-lgtk-x11-2.0 -lgdk-x11-2.0 -latk-1.0 -lpangoft2-1.0 -lgdk_pixbuf-2.0 -lm -lpangocairo-1.0 -lgio-2.0 -lcairo -lpango-1.0 -lfreetype -lfontconfig -lgobject-2.0 -lgmodule-2.0 -lglib-2.0  '
INSTALL_DATA='${INSTALL} -m 644'
INSTALL_PROGRAM='${INSTALL}'
INSTALL_SCRIPT='${INSTALL}'
INSTALL_STRIP_PROGRAM='${SHELL} $(install_sh) -c -s'
INTLLIBS=''
INTL_MACOSX_LIBS=''
LDFLAGS='-s'
LIBICONV='-liconv'
LIBINTL=''
LIBOBJS=''
LIBS=''
LTLIBICONV='-liconv'
LTLIBINTL=''
LTLIBOBJS=''
MAKEINFO='${SHELL} /home/secfax/Desktop/efax-gtk-3.0.17/missing --run makeinfo'
MSGFMT='/usr/bin/msgfmt'
MSGFMT_015='/usr/bin/msgfmt'
MSGMERGE='/usr/bin/msgmerge'
OBJEXT='o'
PACKAGE='efax-gtk'
PACKAGE_BUGREPORT=''
PACKAGE_NAME='efax-gtk'
PACKAGE_STRING='efax-gtk 3.0.17'
PACKAGE_TARNAME='efax-gtk'
PACKAGE_VERSION='3.0.17'
PATH_SEPARATOR=':'
PKG_CONFIG='/usr/bin/pkg-config'
POSUB='po'
RANLIB='ranlib'
SET_MAKE=''
SHELL='/bin/bash'
SIGC_CFLAGS='-I/usr/include/sigc++-2.0 -I/usr/lib/sigc++-2.0/include  '
SIGC_LIBS='-lsigc-2.0  '
SIGC_VER='20'
SPOOLDIR='/var/spool/fax'
STRIP=''
USE_NLS='yes'
VERSION='3.0.17'
XGETTEXT='/usr/bin/xgettext'
XGETTEXT_015='/usr/bin/xgettext'
ac_ct_CC='gcc'
ac_ct_CXX='g++'
am__fastdepCC_FALSE='#'
am__fastdepCC_TRUE=''
am__fastdepCXX_FALSE='#'
am__fastdepCXX_TRUE=''
am__include='include'
am__leading_dot='.'
am__quote=''
am__tar='${AMTAR} chof - "$$tardir"'
am__untar='${AMTAR} xf -'
bindir='${exec_prefix}/bin'
build='i686-pc-linux-gnu'
build_alias=''
build_cpu='i686'
build_os='linux-gnu'
build_vendor='pc'
datadir='${datarootdir}'
datarootdir='${prefix}/share'
docdir='${datarootdir}/doc/${PACKAGE_TARNAME}'
dvidir='${docdir}'
exec_prefix='${prefix}'
host='i686-pc-linux-gnu'
host_alias=''
host_cpu='i686'
host_os='linux-gnu'
host_vendor='pc'
htmldir='${docdir}'
includedir='${prefix}/include'
infodir='${datarootdir}/info'
install_sh='/home/secfax/Desktop/efax-gtk-3.0.17/install-sh'
libdir='${exec_prefix}/lib'
libexecdir='${exec_prefix}/libexec'
localedir='${datarootdir}/locale'
localstatedir='${prefix}/var'
mandir='${datarootdir}/man'
mkdir_p='mkdir -p --'
oldincludedir='/usr/include'
pdfdir='${docdir}'
prefix='/usr/local'
program_transform_name='s,x,x,'
psdir='${docdir}'
sbindir='${exec_prefix}/sbin'
sharedstatedir='${prefix}/com'
sysconfdir='${prefix}/etc'
target_alias=''

## ----------- ##
## confdefs.h. ##
## ----------- ##

#define PACKAGE_NAME "efax-gtk"
#define PACKAGE_TARNAME "efax-gtk"
#define PACKAGE_VERSION "3.0.17"
#define PACKAGE_STRING "efax-gtk 3.0.17"
#define PACKAGE_BUGREPORT ""
#define PACKAGE "efax-gtk"
#define VERSION "3.0.17"
#define STDC_HEADERS 1
#define HAVE_SYS_TYPES_H 1
#define HAVE_SYS_STAT_H 1
#define HAVE_STDLIB_H 1
#define HAVE_STRING_H 1
#define HAVE_MEMORY_H 1
#define HAVE_STRINGS_H 1
#define HAVE_INTTYPES_H 1
#define HAVE_STDINT_H 1
#define HAVE_UNISTD_H 1
#define HAVE_PTHREAD_H 1
#define HAVE_X11_XLIB_H 1
#define HAVE_SSIZE_T 1
#define HAVE_SOCKLEN_T 1
#define HAVE_IN_ADDR_T 1
#define ENABLE_NLS 1
#define HAVE_GETTEXT 1
#define HAVE_DCGETTEXT 1
#define HAVE_MKSTEMP 1
#define HAVE_STRINGSTREAM 1
#define HAVE_STREAM_IMBUE 1
#define HAVE_OSTREAM 1
#define HAVE_ISTREAM 1

configure: exit 0
